<?xml version="1.0"?><coverage lines-covered="194" lines-valid="202" line-rate="0.9847282864932456" branches-covered="0" branches-valid="0" branch-rate="0" complexity="0" version="1.9" timestamp="1631817281"><sources><source>/home/professor/Documents/prj/august-offensive</source></sources><packages><package name="src/messages" line-rate="1" branch-rate="0" complexity="0"><classes><class name="callback" filename="src/messages/callback.rs" line-rate="1" branch-rate="0" complexity="0"><methods/><lines><line number="13" hits="1"/><line number="19" hits="1"/><line number="20" hits="1"/><line number="29" hits="3"/><line number="31" hits="1"/><line number="33" hits="1"/><line number="34" hits="1"/><line number="39" hits="1"/><line number="42" hits="2"/><line number="46" hits="3"/><line number="49" hits="1"/><line number="50" hits="1"/><line number="51" hits="1"/><line number="53" hits="1"/><line number="56" hits="1"/><line number="59" hits="2"/><line number="60" hits="2"/></lines></class><class name="mod" filename="src/messages/mod.rs" line-rate="1" branch-rate="0" complexity="0"><methods/><lines><line number="18" hits="3"/><line number="22" hits="3"/><line number="23" hits="3"/><line number="24" hits="3"/></lines></class><class name="not_understood" filename="src/messages/not_understood.rs" line-rate="1" branch-rate="0" complexity="0"><methods/><lines><line number="10" hits="1"/><line number="16" hits="1"/><line number="17" hits="1"/><line number="26" hits="3"/><line number="28" hits="1"/><line number="31" hits="1"/><line number="34" hits="2"/><line number="38" hits="3"/><line number="40" hits="1"/><line number="41" hits="1"/><line number="44" hits="1"/><line number="47" hits="2"/><line number="48" hits="2"/></lines></class></classes></package><package name="src/routes" line-rate="0.9937888198757764" branch-rate="0" complexity="0"><classes><class name="callback" filename="src/routes/callback.rs" line-rate="1" branch-rate="0" complexity="0"><methods/><lines><line number="4" hits="1"/><line number="5" hits="1"/><line number="6" hits="2"/><line number="9" hits="1"/><line number="10" hits="1"/><line number="11" hits="1"/><line number="14" hits="2"/><line number="24" hits="3"/><line number="26" hits="1"/><line number="27" hits="1"/><line number="29" hits="1"/><line number="30" hits="3"/><line number="31" hits="1"/><line number="32" hits="1"/><line number="35" hits="1"/><line number="38" hits="1"/><line number="40" hits="2"/><line number="41" hits="1"/><line number="42" hits="2"/><line number="43" hits="1"/><line number="44" hits="2"/><line number="48" hits="3"/><line number="50" hits="1"/><line number="51" hits="1"/><line number="53" hits="1"/><line number="54" hits="3"/><line number="55" hits="1"/><line number="56" hits="1"/><line number="59" hits="1"/><line number="62" hits="1"/><line number="64" hits="2"/><line number="65" hits="1"/><line number="66" hits="2"/><line number="67" hits="1"/><line number="68" hits="2"/><line number="72" hits="3"/><line number="74" hits="1"/><line number="75" hits="1"/><line number="76" hits="1"/><line number="79" hits="1"/><line number="82" hits="1"/><line number="84" hits="2"/><line number="85" hits="1"/><line number="86" hits="2"/><line number="87" hits="2"/><line number="88" hits="2"/></lines></class><class name="format_msg" filename="src/routes/format_msg.rs" line-rate="0.9736842105263158" branch-rate="0" complexity="0"><methods/><lines><line number="11" hits="2"/><line number="12" hits="2"/><line number="15" hits="2"/><line number="27" hits="4"/><line number="28" hits="4"/><line number="29" hits="7"/><line number="30" hits="1"/><line number="33" hits="12"/><line number="34" hits="0"/><line number="35" hits="3"/><line number="47" hits="3"/><line number="49" hits="1"/><line number="50" hits="1"/><line number="52" hits="1"/><line number="57" hits="1"/><line number="60" hits="1"/><line number="61" hits="2"/><line number="65" hits="3"/><line number="67" hits="1"/><line number="68" hits="1"/><line number="71" hits="1"/><line number="74" hits="2"/><line number="75" hits="2"/><line number="79" hits="3"/><line number="81" hits="1"/><line number="82" hits="1"/><line number="87" hits="2"/><line number="90" hits="3"/><line number="93" hits="2"/><line number="94" hits="2"/><line number="96" hits="1"/><line number="97" hits="1"/><line number="103" hits="1"/><line number="104" hits="2"/><line number="109" hits="3"/><line number="116" hits="1"/><line number="119" hits="1"/><line number="122" hits="2"/></lines></class><class name="mod" filename="src/routes/mod.rs" line-rate="1" branch-rate="0" complexity="0"><methods/><lines><line number="17" hits="2"/><line number="19" hits="2"/><line number="20" hits="6"/><line number="24" hits="3"/><line number="25" hits="3"/><line number="42" hits="3"/><line number="44" hits="1"/><line number="45" hits="1"/><line number="46" hits="3"/><line number="49" hits="2"/><line number="52" hits="2"/><line number="54" hits="2"/><line number="55" hits="1"/><line number="56" hits="2"/><line number="60" hits="3"/><line number="62" hits="1"/><line number="63" hits="1"/><line number="64" hits="3"/><line number="67" hits="2"/><line number="70" hits="2"/><line number="72" hits="2"/><line number="73" hits="1"/><line number="74" hits="2"/><line number="78" hits="3"/><line number="80" hits="1"/><line number="81" hits="1"/><line number="82" hits="3"/><line number="85" hits="2"/><line number="88" hits="2"/><line number="92" hits="3"/><line number="94" hits="1"/><line number="97" hits="1"/><line number="100" hits="2"/><line number="104" hits="3"/><line number="106" hits="1"/><line number="109" hits="1"/><line number="112" hits="1"/><line number="116" hits="3"/><line number="118" hits="1"/><line number="121" hits="1"/><line number="124" hits="1"/><line number="127" hits="1"/><line number="128" hits="20"/><line number="129" hits="7"/><line number="133" hits="2"/><line number="134" hits="2"/><line number="135" hits="8"/><line number="136" hits="2"/><line number="139" hits="4"/><line number="142" hits="3"/><line number="143" hits="3"/><line number="144" hits="3"/><line number="145" hits="3"/><line number="146" hits="3"/><line number="147" hits="6"/><line number="152" hits="6"/><line number="153" hits="3"/></lines></class><class name="not_understood" filename="src/routes/not_understood.rs" line-rate="1" branch-rate="0" complexity="0"><methods/><lines><line number="4" hits="2"/><line number="6" hits="2"/><line number="9" hits="2"/><line number="10" hits="2"/><line number="21" hits="3"/><line number="23" hits="1"/><line number="24" hits="1"/><line number="27" hits="1"/><line number="30" hits="1"/><line number="32" hits="2"/><line number="33" hits="1"/><line number="34" hits="2"/><line number="38" hits="3"/><line number="40" hits="1"/><line number="41" hits="1"/><line number="44" hits="1"/><line number="47" hits="1"/><line number="49" hits="2"/><line number="50" hits="1"/><line number="51" hits="2"/></lines></class></classes></package><package name="src" line-rate="0.9603960396039604" branch-rate="0" complexity="0"><classes><class name="schema" filename="src/schema.rs" line-rate="0" branch-rate="0" complexity="0"><methods/><lines><line number="75" hits="0"/><line number="76" hits="0"/><line number="77" hits="0"/><line number="78" hits="0"/><line number="79" hits="0"/><line number="80" hits="0"/><line number="81" hits="0"/></lines></class></classes></package></packages></coverage>